\BOOKMARK [0][-]{section*.1}{\376\377\122\115\212\000}{}% 1
\BOOKMARK [0][-]{section*.2}{\376\377\173\200\116\313}{}% 2
\BOOKMARK [0][-]{chapter.1}{\376\377\232\330\116\055\162\151\164\006\136\070\165\050\145\160\143\156\123\312\126\376\120\317}{}% 3
\BOOKMARK [1][-]{section.1.1}{\376\377\136\070\165\050\162\151\164\006\133\146\136\070\221\317}{chapter.1}% 4
\BOOKMARK [1][-]{section.1.2}{\376\377\136\070\165\050\117\060\213\241\120\074}{chapter.1}% 5
\BOOKMARK [1][-]{section.1.3}{\376\377\136\070\165\050\143\142\173\227}{chapter.1}% 6
\BOOKMARK [2][-]{subsection.1.3.1}{\376\377\213\315\131\064\143\142\173\227}{section.1.3}% 7
\BOOKMARK [2][-]{subsection.1.3.2}{\376\377\123\125\117\115\143\142\173\227}{section.1.3}% 8
\BOOKMARK [1][-]{section.1.4}{\376\377\136\070\165\050\134\017\221\317\217\321\117\074}{chapter.1}% 9
\BOOKMARK [1][-]{section.1.5}{\376\377\136\070\165\050\162\151\164\006\126\376\120\317}{chapter.1}% 10
\BOOKMARK [2][-]{subsection.1.5.1}{\376\377\173\111\221\317\124\014\171\315\165\065\203\167}{section.1.5}% 11
\BOOKMARK [2][-]{subsection.1.5.2}{\376\377\173\111\221\317\137\002\171\315\165\065\203\167}{section.1.5}% 12
\BOOKMARK [2][-]{subsection.1.5.3}{\376\377\170\301\127\072}{section.1.5}% 13
\BOOKMARK [0][-]{chapter.2}{\376\377\122\233\133\146}{}% 14
\BOOKMARK [1][-]{section.2.1}{\376\377\173\111\145\366\127\006}{chapter.2}% 15
\BOOKMARK [1][-]{section.2.2}{\376\377\173\111\145\110\221\315\122\233\127\072}{chapter.2}% 16
\BOOKMARK [1][-]{section.2.3}{\376\377\174\173\136\163\142\233\116\016\120\117\217\154\211\322\121\163\174\373}{chapter.2}% 17
\BOOKMARK [1][-]{section.2.4}{\376\377\144\151\144\346\211\322\116\016\121\150\123\315\122\233}{chapter.2}% 18
\BOOKMARK [1][-]{section.2.5}{\376\377\145\164\117\123\162\133\116\214\133\232\137\213}{chapter.2}% 19
\BOOKMARK [1][-]{section.2.6}{\376\377\126\376\211\343\145\313\217\154\137\071\174\047\174\173\225\356\230\230}{chapter.2}% 20
\BOOKMARK [1][-]{section.2.7}{\376\377\174\173\142\233\117\123\147\000\217\334\134\004\172\013\202\345\136\162\211\343\154\325}{chapter.2}% 21
\BOOKMARK [1][-]{section.2.8}{\376\377\143\142\174\373}{chapter.2}% 22
\BOOKMARK [2][-]{subsection.2.8.1}{\376\377\220\037\136\246\123\312\122\240\220\037\136\246\162\165\217\336}{section.2.8}% 23
\BOOKMARK [2][-]{subsection.2.8.2}{\376\377\140\357\140\047\122\233}{section.2.8}% 24
\BOOKMARK [2][-]{subsection.2.8.3}{\376\377\176\246\123\026\215\050\221\317}{section.2.8}% 25
\BOOKMARK [1][-]{section.2.9}{\376\377\215\050\137\303\174\373}{chapter.2}% 26
\BOOKMARK [2][-]{subsection.2.9.1}{\376\377\215\050\137\303}{section.2.9}% 27
\BOOKMARK [2][-]{subsection.2.9.2}{\376\377\215\050\137\303\116\016\174\373\176\337\140\073\122\250\221\317}{section.2.9}% 28
\BOOKMARK [2][-]{subsection.2.9.3}{\376\377\215\050\137\303\174\373\000\040\040\040\136\046\040\034\040\040\040\035\123\367\166\204\172\340\202\202\127\050\232\330\200\003\116\055\165\050\131\004\217\203\134\021\377\014\123\357\220\011\142\351\226\005\213\373\153\144\172\340\202\202\220\350\122\006\121\205\133\271}{section.2.9}% 29
\BOOKMARK [2][-]{subsection.2.9.4}{\376\377\215\050\137\303\174\373\122\250\200\375\133\232\164\006\000\040\000\040\040\040}{section.2.9}% 30
\BOOKMARK [1][-]{section.2.10}{\376\377\140\142\131\015\174\373\145\160}{chapter.2}% 31
\BOOKMARK [2][-]{subsection.2.10.1}{\376\377\133\232\116\111\116\016\127\372\147\054\140\047\215\050}{section.2.10}% 32
\BOOKMARK [2][-]{subsection.2.10.2}{\376\377\133\214\121\150\137\071\140\047\170\260\144\236\220\037\136\246\121\163\174\373}{section.2.10}% 33
\BOOKMARK [2][-]{subsection.2.10.3}{\376\377\140\142\131\015\174\373\145\160\116\016\200\375\221\317\121\163\174\373}{section.2.10}% 34
\BOOKMARK [1][-]{section.2.11}{\376\377\123\315\121\262\217\320\122\250\200\375\221\317\123\330\123\026}{chapter.2}% 35
\BOOKMARK [0][-]{chapter.3}{\376\377\165\065\170\301\133\146}{}% 36
\BOOKMARK [1][-]{section.3.1}{\376\377\147\106\122\007\122\162\170\301\127\072\202\345\136\162\116\214\176\247\176\323\213\272}{chapter.3}% 37
\BOOKMARK [2][-]{subsection.3.1.1}{\376\377\116\015\155\211\123\312\165\065\133\271}{section.3.1}% 38
\BOOKMARK [2][-]{subsection.3.1.2}{\376\377\155\211\123\312\165\065\133\271}{section.3.1}% 39
\BOOKMARK [1][-]{section.3.2}{\376\377\040\034\131\047\121\205\120\117\131\047\377\014\134\017\131\026\120\117\134\017\040\035}{chapter.3}% 40
\BOOKMARK [2][-]{subsection.3.2.1}{\376\377\124\053\116\111}{section.3.2}% 41
\BOOKMARK [2][-]{subsection.3.2.2}{\376\377\213\301\146\016}{section.3.2}% 42
\BOOKMARK [1][-]{section.3.3}{\376\377\165\065\156\220\217\223\121\372\122\237\163\207\140\047\215\050}{chapter.3}% 43
\BOOKMARK [1][-]{section.3.4}{\376\377\173\111\145\110\156\220}{chapter.3}% 44
\BOOKMARK [2][-]{subsection.3.4.1}{\376\377\165\065\123\213\156\220\116\016\165\065\155\101\156\220\000\040\040\040}{section.3.4}% 45
\BOOKMARK [2][-]{subsection.3.4.2}{\376\377\165\065\123\213\156\220\116\016\165\065\155\101\156\220\225\364\121\163\174\373\000\040\040\040}{section.3.4}% 46
\BOOKMARK [2][-]{subsection.3.4.3}{\376\377\142\064\176\364\133\201\133\232\164\006\116\016\213\372\230\177\133\232\164\006}{section.3.4}% 47
\BOOKMARK [2][-]{subsection.3.4.4}{\376\377\173\111\145\110\156\220\127\050\165\065\215\357\122\006\147\220\116\055\117\134\165\050}{section.3.4}% 48
\BOOKMARK [1][-]{section.3.5}{\376\377\040\034\116\062\123\315\136\166\124\014\040\035\123\312\040\034\136\177\116\111\116\062\136\166\200\124\040\035\122\044\145\255}{chapter.3}% 49
\BOOKMARK [1][-]{section.3.6}{\376\377\123\330\123\213\126\150\173\111\145\110}{chapter.3}% 50
\BOOKMARK [2][-]{subsection.3.6.1}{\376\377\123\330\123\213\126\150\165\065\155\101\121\163\174\373}{section.3.6}% 51
\BOOKMARK [2][-]{subsection.3.6.2}{\376\377\123\330\123\213\126\150\173\111\145\110\165\065\226\073}{section.3.6}% 52
\BOOKMARK [2][-]{subsection.3.6.3}{\376\377\123\330\123\213\126\150\173\111\145\110\165\065\156\220}{section.3.6}% 53
\BOOKMARK [1][-]{section.3.7}{\376\377\040\034\127\107\145\271\150\071\120\074\040\035\220\037\154\102\147\011\145\110\120\074}{chapter.3}% 54
\BOOKMARK [1][-]{section.3.8}{\376\377\153\143\122\031\122\250\221\317}{chapter.3}% 55
\BOOKMARK [1][-]{section.3.9}{\376\377\040\034\124\014\124\070\123\315\145\245\040\035}{chapter.3}% 56
\BOOKMARK [1][-]{section.3.10}{\376\377\165\065\170\301\127\072\143\142\174\373}{chapter.3}% 57
\BOOKMARK [1][-]{section.3.11}{\376\377\221\115\220\037\154\325}{chapter.3}% 58
\BOOKMARK [2][-]{subsection.3.11.1}{\376\377\122\006\211\343\220\037\136\246\211\322\136\246\116\313\176\315\040\034\221\115\220\037\154\325\040\035}{section.3.11}% 59
\BOOKMARK [2][-]{subsection.3.11.2}{\376\377\165\065\170\301\127\072\143\142\174\373\211\322\136\246\116\313\176\315\040\034\221\115\220\037\154\325\040\035}{section.3.11}% 60
\BOOKMARK [2][-]{subsection.3.11.3}{\376\377\221\115\220\037\154\325\116\016\174\222\133\120\154\107\200\132}{section.3.11}% 61
\BOOKMARK [1][-]{section.3.12}{\376\377\220\032\165\050\040\034\135\346\142\113\133\232\122\031\040\035\000\040\000\040\000*\000\040\136\046\040\034\000*\040\035\123\367\116\072\132\061\116\120\172\340\202\202\377\014\116\305\116\313\176\315\116\000\116\013\173\024\200\005\116\000\116\233\201\352\213\244\116\072\147\011\141\017\140\035\166\204\140\363\154\325\377\014\123\357\220\011\142\351\116\015\213\373}{chapter.3}% 62
\BOOKMARK [0][-]{chapter.4}{\376\377\154\342\122\250\116\016\121\111\133\146}{}% 63
\BOOKMARK [1][-]{section.4.1}{\376\377\123\302\200\003\127\006}{chapter.4}% 64
\BOOKMARK [2][-]{subsection.4.1.1}{\376\377\133\232\116\111}{section.4.1}% 65
\BOOKMARK [2][-]{subsection.4.1.2}{\376\377\154\342\122\250\116\055\124\004\215\050\160\271\123\302\200\003\127\006\121\163\174\373}{section.4.1}% 66
\BOOKMARK [2][-]{subsection.4.1.3}{\376\377\143\057\122\250\166\204\123\340\122\240\116\016\123\302\200\003\127\006\123\340\122\240}{section.4.1}% 67
\BOOKMARK [1][-]{section.4.2}{\376\377\040\034\124\014\117\247\154\325\040\035\122\044\145\255\154\342\122\250\145\271\124\021}{chapter.4}% 68
\BOOKMARK [1][-]{section.4.3}{\376\377\040\034\145\313\217\154\154\325\040\035\122\044\145\255\136\162\155\211\136\163\227\142\121\370\215\167\217\330\146\057\121\371\116\013}{chapter.4}% 69
\BOOKMARK [1][-]{section.4.4}{\376\377\123\314\177\035\136\162\155\211\000\040\040\024\040\024\000\040\040\034\152\052\116\130\152\052\173\111\116\216\172\326\116\130\172\326\040\035}{chapter.4}% 70
